# JRE version: Java(TM) SE Runtime Environment (8.0_202-b08) (build 1.8.0_202-b08)
# Java VM: Java HotSpot(TM) 64-Bit Server VM (25.202-b08 mixed mode windows-amd64 compressed oops)
Heap:
 PSYoungGen      total 125440K, used 70643K [0x000000076c300000, 0x0000000784900000, 0x00000007c0000000)
  eden space 118784K, 53% used [0x000000076c300000,0x0000000770198380,0x0000000773700000)
  from space 6656K, 98% used [0x0000000783c80000,0x00000007842e4c28,0x0000000784300000)
  to   space 6144K, 0% used [0x0000000784300000,0x0000000784300000,0x0000000784900000)
 ParOldGen       total 153088K, used 41162K [0x00000006c4800000, 0x00000006cdd80000, 0x000000076c300000)
  object space 153088K, 26% used [0x00000006c4800000,0x00000006c7032838,0x00000006cdd80000)
 Metaspace       used 66508K, capacity 70374K, committed 70656K, reserved 1110016K
  class space    used 8449K, capacity 9123K, committed 9216K, reserved 1048576K
GC Heap History (10 events):
Event: 6375.523 GC heap before
{Heap before GC invocations=62 (full 3):
 PSYoungGen      total 136704K, used 135494K [0x000000076c300000, 0x0000000785c00000, 0x00000007c0000000)
  eden space 133632K, 99% used [0x000000076c300000,0x00000007744a8b38,0x0000000774580000)
  from space 3072K, 88% used [0x0000000785900000,0x0000000785ba8f78,0x0000000785c00000)
  to   space 9216K, 0% used [0x0000000784a00000,0x0000000784a00000,0x0000000785300000)
 ParOldGen       total 153088K, used 41010K [0x00000006c4800000, 0x00000006cdd80000, 0x000000076c300000)
  object space 153088K, 26% used [0x00000006c4800000,0x00000006c700c838,0x00000006cdd80000)
 Metaspace       used 66477K, capacity 70310K, committed 70656K, reserved 1110016K
  class space    used 8449K, capacity 9123K, committed 9216K, reserved 1048576K
Event: 6375.535 GC heap after
Heap after GC invocations=62 (full 3):
 PSYoungGen      total 137216K, used 6395K [0x000000076c300000, 0x0000000785980000, 0x00000007c0000000)
  eden space 130560K, 0% used [0x000000076c300000,0x000000076c300000,0x0000000774280000)
  from space 6656K, 96% used [0x0000000784a00000,0x000000078503edd0,0x0000000785080000)
  to   space 9216K, 0% used [0x0000000785080000,0x0000000785080000,0x0000000785980000)
 ParOldGen       total 153088K, used 41018K [0x00000006c4800000, 0x00000006cdd80000, 0x000000076c300000)
  object space 153088K, 26% used [0x00000006c4800000,0x00000006c700e838,0x00000006cdd80000)
 Metaspace       used 66477K, capacity 70310K, committed 70656K, reserved 1110016K
  class space    used 8449K, capacity 9123K, committed 9216K, reserved 1048576K
}
Event: 6411.565 GC heap before
{Heap before GC invocations=63 (full 3):
 PSYoungGen      total 137216K, used 136955K [0x000000076c300000, 0x0000000785980000, 0x00000007c0000000)
  eden space 130560K, 100% used [0x000000076c300000,0x0000000774280000,0x0000000774280000)
  from space 6656K, 96% used [0x0000000784a00000,0x000000078503edd0,0x0000000785080000)
  to   space 9216K, 0% used [0x0000000785080000,0x0000000785080000,0x0000000785980000)
 ParOldGen       total 153088K, used 41018K [0x00000006c4800000, 0x00000006cdd80000, 0x000000076c300000)
  object space 153088K, 26% used [0x00000006c4800000,0x00000006c700e838,0x00000006cdd80000)
 Metaspace       used 66508K, capacity 70374K, committed 70656K, reserved 1110016K
  class space    used 8449K, capacity 9123K, committed 9216K, reserved 1048576K
Event: 6411.572 GC heap after
Heap after GC invocations=63 (full 3):
 PSYoungGen      total 132608K, used 5018K [0x000000076c300000, 0x0000000785580000, 0x00000007c0000000)
  eden space 127488K, 0% used [0x000000076c300000,0x000000076c300000,0x0000000773f80000)
  from space 5120K, 98% used [0x0000000785080000,0x0000000785566a58,0x0000000785580000)
  to   space 9216K, 0% used [0x0000000784380000,0x0000000784380000,0x0000000784c80000)
 ParOldGen       total 153088K, used 41074K [0x00000006c4800000, 0x00000006cdd80000, 0x000000076c300000)
  object space 153088K, 26% used [0x00000006c4800000,0x00000006c701c838,0x00000006cdd80000)
 Metaspace       used 66508K, capacity 70374K, committed 70656K, reserved 1110016K
  class space    used 8449K, capacity 9123K, committed 9216K, reserved 1048576K
}
Event: 6423.191 GC heap before
{Heap before GC invocations=64 (full 3):
 PSYoungGen      total 132608K, used 132506K [0x000000076c300000, 0x0000000785580000, 0x00000007c0000000)
  eden space 127488K, 100% used [0x000000076c300000,0x0000000773f80000,0x0000000773f80000)
  from space 5120K, 98% used [0x0000000785080000,0x0000000785566a58,0x0000000785580000)
  to   space 9216K, 0% used [0x0000000784380000,0x0000000784380000,0x0000000784c80000)
 ParOldGen       total 153088K, used 41074K [0x00000006c4800000, 0x00000006cdd80000, 0x000000076c300000)
  object space 153088K, 26% used [0x00000006c4800000,0x00000006c701c838,0x00000006cdd80000)
 Metaspace       used 66508K, capacity 70374K, committed 70656K, reserved 1110016K
  class space    used 8449K, capacity 9123K, committed 9216K, reserved 1048576K
Event: 6423.203 GC heap after
Heap after GC invocations=64 (full 3):
 PSYoungGen      total 129536K, used 5004K [0x000000076c300000, 0x0000000785100000, 0x00000007c0000000)
  eden space 124416K, 0% used [0x000000076c300000,0x000000076c300000,0x0000000773c80000)
  from space 5120K, 97% used [0x0000000784380000,0x0000000784863298,0x0000000784880000)
  to   space 8704K, 0% used [0x0000000784880000,0x0000000784880000,0x0000000785100000)
 ParOldGen       total 153088K, used 41122K [0x00000006c4800000, 0x00000006cdd80000, 0x000000076c300000)
  object space 153088K, 26% used [0x00000006c4800000,0x00000006c7028838,0x00000006cdd80000)
 Metaspace       used 66508K, capacity 70374K, committed 70656K, reserved 1110016K
  class space    used 8449K, capacity 9123K, committed 9216K, reserved 1048576K
}
Event: 6426.198 GC heap before
{Heap before GC invocations=65 (full 3):
 PSYoungGen      total 129536K, used 129420K [0x000000076c300000, 0x0000000785100000, 0x00000007c0000000)
  eden space 124416K, 100% used [0x000000076c300000,0x0000000773c80000,0x0000000773c80000)
  from space 5120K, 97% used [0x0000000784380000,0x0000000784863298,0x0000000784880000)
  to   space 8704K, 0% used [0x0000000784880000,0x0000000784880000,0x0000000785100000)
 ParOldGen       total 153088K, used 41122K [0x00000006c4800000, 0x00000006cdd80000, 0x000000076c300000)
  object space 153088K, 26% used [0x00000006c4800000,0x00000006c7028838,0x00000006cdd80000)
 Metaspace       used 66508K, capacity 70374K, committed 70656K, reserved 1110016K
  class space    used 8449K, capacity 9123K, committed 9216K, reserved 1048576K
Event: 6426.203 GC heap after
Heap after GC invocations=65 (full 3):
 PSYoungGen      total 126464K, used 4725K [0x000000076c300000, 0x0000000784d80000, 0x00000007c0000000)
  eden space 121344K, 0% used [0x000000076c300000,0x000000076c300000,0x0000000773980000)
  from space 5120K, 92% used [0x0000000784880000,0x0000000784d1d420,0x0000000784d80000)
  to   space 8704K, 0% used [0x0000000783c80000,0x0000000783c80000,0x0000000784500000)
 ParOldGen       total 153088K, used 41138K [0x00000006c4800000, 0x00000006cdd80000, 0x000000076c300000)
  object space 153088K, 26% used [0x00000006c4800000,0x00000006c702c838,0x00000006cdd80000)
 Metaspace       used 66508K, capacity 70374K, committed 70656K, reserved 1110016K
  class space    used 8449K, capacity 9123K, committed 9216K, reserved 1048576K
}
Event: 6428.734 GC heap before
{Heap before GC invocations=66 (full 3):
 PSYoungGen      total 126464K, used 126069K [0x000000076c300000, 0x0000000784d80000, 0x00000007c0000000)
  eden space 121344K, 100% used [0x000000076c300000,0x0000000773980000,0x0000000773980000)
  from space 5120K, 92% used [0x0000000784880000,0x0000000784d1d420,0x0000000784d80000)
  to   space 8704K, 0% used [0x0000000783c80000,0x0000000783c80000,0x0000000784500000)
 ParOldGen       total 153088K, used 41138K [0x00000006c4800000, 0x00000006cdd80000, 0x000000076c300000)
  object space 153088K, 26% used [0x00000006c4800000,0x00000006c702c838,0x00000006cdd80000)
 Metaspace       used 66508K, capacity 70374K, committed 70656K, reserved 1110016K
  class space    used 8449K, capacity 9123K, committed 9216K, reserved 1048576K
Event: 6428.751 GC heap after
Heap after GC invocations=66 (full 3):
 PSYoungGen      total 125440K, used 6547K [0x000000076c300000, 0x0000000784900000, 0x00000007c0000000)
  eden space 118784K, 0% used [0x000000076c300000,0x000000076c300000,0x0000000773700000)
  from space 6656K, 98% used [0x0000000783c80000,0x00000007842e4c28,0x0000000784300000)
  to   space 6144K, 0% used [0x0000000784300000,0x0000000784300000,0x0000000784900000)
 ParOldGen       total 153088K, used 41162K [0x00000006c4800000, 0x00000006cdd80000, 0x000000076c300000)
  object space 153088K, 26% used [0x00000006c4800000,0x00000006c7032838,0x00000006cdd80000)
 Metaspace       used 66508K, capacity 70374K, committed 70656K, reserved 1110016K
  class space    used 8449K, capacity 9123K, committed 9216K, reserved 1048576K
}

