# JRE version: Java(TM) SE Runtime Environment (8.0_202-b08) (build 1.8.0_202-b08)
# Java VM: Java HotSpot(TM) 64-Bit Server VM (25.202-b08 mixed mode windows-amd64 compressed oops)
Heap:
 PSYoungGen      total 348672K, used 107934K [0x000000076c300000, 0x0000000785e00000, 0x00000007c0000000)
  eden space 332288K, 32% used [0x000000076c300000,0x0000000772c678b8,0x0000000780780000)
  from space 16384K, 0% used [0x0000000780780000,0x0000000780780000,0x0000000781780000)
  to   space 19456K, 0% used [0x0000000784b00000,0x0000000784b00000,0x0000000785e00000)
 ParOldGen       total 199168K, used 29022K [0x00000006c4800000, 0x00000006d0a80000, 0x000000076c300000)
  object space 199168K, 14% used [0x00000006c4800000,0x00000006c6457ad0,0x00000006d0a80000)
 Metaspace       used 61389K, capacity 64994K, committed 65192K, reserved 1105920K
  class space    used 8202K, capacity 8845K, committed 8872K, reserved 1048576K
GC Heap History (10 events):
Event: 2.062 GC heap before
{Heap before GC invocations=8 (full 1):
 PSYoungGen      total 222720K, used 35926K [0x000000076c300000, 0x000000077ad80000, 0x00000007c0000000)
  eden space 210432K, 11% used [0x000000076c300000,0x000000076da29430,0x0000000779080000)
  from space 12288K, 99% used [0x000000077a180000,0x000000077ad6c748,0x000000077ad80000)
  to   space 13824K, 0% used [0x0000000779280000,0x0000000779280000,0x000000077a000000)
 ParOldGen       total 90624K, used 8424K [0x00000006c4800000, 0x00000006ca080000, 0x000000076c300000)
  object space 90624K, 9% used [0x00000006c4800000,0x00000006c503a348,0x00000006ca080000)
 Metaspace       used 33462K, capacity 35480K, committed 35496K, reserved 1079296K
  class space    used 4413K, capacity 4762K, committed 4776K, reserved 1048576K
Event: 2.067 GC heap after
Heap after GC invocations=8 (full 1):
 PSYoungGen      total 226304K, used 8043K [0x000000076c300000, 0x0000000782780000, 0x00000007c0000000)
  eden space 212480K, 0% used [0x000000076c300000,0x000000076c300000,0x0000000779280000)
  from space 13824K, 58% used [0x0000000779280000,0x0000000779a5ac30,0x000000077a000000)
  to   space 13312K, 0% used [0x0000000781a80000,0x0000000781a80000,0x0000000782780000)
 ParOldGen       total 90624K, used 8432K [0x00000006c4800000, 0x00000006ca080000, 0x000000076c300000)
  object space 90624K, 9% used [0x00000006c4800000,0x00000006c503c348,0x00000006ca080000)
 Metaspace       used 33462K, capacity 35480K, committed 35496K, reserved 1079296K
  class space    used 4413K, capacity 4762K, committed 4776K, reserved 1048576K
}
Event: 2.067 GC heap before
{Heap before GC invocations=9 (full 2):
 PSYoungGen      total 226304K, used 8043K [0x000000076c300000, 0x0000000782780000, 0x00000007c0000000)
  eden space 212480K, 0% used [0x000000076c300000,0x000000076c300000,0x0000000779280000)
  from space 13824K, 58% used [0x0000000779280000,0x0000000779a5ac30,0x000000077a000000)
  to   space 13312K, 0% used [0x0000000781a80000,0x0000000781a80000,0x0000000782780000)
 ParOldGen       total 90624K, used 8432K [0x00000006c4800000, 0x00000006ca080000, 0x000000076c300000)
  object space 90624K, 9% used [0x00000006c4800000,0x00000006c503c348,0x00000006ca080000)
 Metaspace       used 33462K, capacity 35480K, committed 35496K, reserved 1079296K
  class space    used 4413K, capacity 4762K, committed 4776K, reserved 1048576K
Event: 2.111 GC heap after
Heap after GC invocations=9 (full 2):
 PSYoungGen      total 226304K, used 0K [0x000000076c300000, 0x0000000782780000, 0x00000007c0000000)
  eden space 212480K, 0% used [0x000000076c300000,0x000000076c300000,0x0000000779280000)
  from space 13824K, 0% used [0x0000000779280000,0x0000000779280000,0x000000077a000000)
  to   space 13312K, 0% used [0x0000000781a80000,0x0000000781a80000,0x0000000782780000)
 ParOldGen       total 139776K, used 13367K [0x00000006c4800000, 0x00000006cd080000, 0x000000076c300000)
  object space 139776K, 9% used [0x00000006c4800000,0x00000006c550de80,0x00000006cd080000)
 Metaspace       used 33462K, capacity 35480K, committed 35496K, reserved 1079296K
  class space    used 4413K, capacity 4762K, committed 4776K, reserved 1048576K
}
Event: 3.259 GC heap before
{Heap before GC invocations=10 (full 2):
 PSYoungGen      total 226304K, used 212480K [0x000000076c300000, 0x0000000782780000, 0x00000007c0000000)
  eden space 212480K, 100% used [0x000000076c300000,0x0000000779280000,0x0000000779280000)
  from space 13824K, 0% used [0x0000000779280000,0x0000000779280000,0x000000077a000000)
  to   space 13312K, 0% used [0x0000000781a80000,0x0000000781a80000,0x0000000782780000)
 ParOldGen       total 139776K, used 13367K [0x00000006c4800000, 0x00000006cd080000, 0x000000076c300000)
  object space 139776K, 9% used [0x00000006c4800000,0x00000006c550de80,0x00000006cd080000)
 Metaspace       used 45652K, capacity 48544K, committed 48680K, reserved 1091584K
  class space    used 6057K, capacity 6570K, committed 6696K, reserved 1048576K
Event: 3.268 GC heap after
Heap after GC invocations=10 (full 2):
 PSYoungGen      total 322560K, used 13290K [0x000000076c300000, 0x0000000782780000, 0x00000007c0000000)
  eden space 309248K, 0% used [0x000000076c300000,0x000000076c300000,0x000000077f100000)
  from space 13312K, 99% used [0x0000000781a80000,0x000000078277a890,0x0000000782780000)
  to   space 16384K, 0% used [0x0000000780780000,0x0000000780780000,0x0000000781780000)
 ParOldGen       total 139776K, used 16802K [0x00000006c4800000, 0x00000006cd080000, 0x000000076c300000)
  object space 139776K, 12% used [0x00000006c4800000,0x00000006c5868af8,0x00000006cd080000)
 Metaspace       used 45652K, capacity 48544K, committed 48680K, reserved 1091584K
  class space    used 6057K, capacity 6570K, committed 6696K, reserved 1048576K
}
Event: 9.640 GC heap before
{Heap before GC invocations=11 (full 2):
 PSYoungGen      total 322560K, used 146720K [0x000000076c300000, 0x0000000782780000, 0x00000007c0000000)
  eden space 309248K, 43% used [0x000000076c300000,0x000000077454db38,0x000000077f100000)
  from space 13312K, 99% used [0x0000000781a80000,0x000000078277a890,0x0000000782780000)
  to   space 16384K, 0% used [0x0000000780780000,0x0000000780780000,0x0000000781780000)
 ParOldGen       total 139776K, used 16802K [0x00000006c4800000, 0x00000006cd080000, 0x000000076c300000)
  object space 139776K, 12% used [0x00000006c4800000,0x00000006c5868af8,0x00000006cd080000)
 Metaspace       used 55797K, capacity 59108K, committed 59160K, reserved 1099776K
  class space    used 7485K, capacity 8080K, committed 8104K, reserved 1048576K
Event: 9.650 GC heap after
Heap after GC invocations=11 (full 2):
 PSYoungGen      total 348672K, used 16374K [0x000000076c300000, 0x0000000785e00000, 0x00000007c0000000)
  eden space 332288K, 0% used [0x000000076c300000,0x000000076c300000,0x0000000780780000)
  from space 16384K, 99% used [0x0000000780780000,0x000000078177d8b0,0x0000000781780000)
  to   space 19456K, 0% used [0x0000000784b00000,0x0000000784b00000,0x0000000785e00000)
 ParOldGen       total 139776K, used 19748K [0x00000006c4800000, 0x00000006cd080000, 0x000000076c300000)
  object space 139776K, 14% used [0x00000006c4800000,0x00000006c5b491f8,0x00000006cd080000)
 Metaspace       used 55797K, capacity 59108K, committed 59160K, reserved 1099776K
  class space    used 7485K, capacity 8080K, committed 8104K, reserved 1048576K
}
Event: 9.650 GC heap before
{Heap before GC invocations=12 (full 3):
 PSYoungGen      total 348672K, used 16374K [0x000000076c300000, 0x0000000785e00000, 0x00000007c0000000)
  eden space 332288K, 0% used [0x000000076c300000,0x000000076c300000,0x0000000780780000)
  from space 16384K, 99% used [0x0000000780780000,0x000000078177d8b0,0x0000000781780000)
  to   space 19456K, 0% used [0x0000000784b00000,0x0000000784b00000,0x0000000785e00000)
 ParOldGen       total 139776K, used 19748K [0x00000006c4800000, 0x00000006cd080000, 0x000000076c300000)
  object space 139776K, 14% used [0x00000006c4800000,0x00000006c5b491f8,0x00000006cd080000)
 Metaspace       used 55797K, capacity 59108K, committed 59160K, reserved 1099776K
  class space    used 7485K, capacity 8080K, committed 8104K, reserved 1048576K
Event: 9.734 GC heap after
Heap after GC invocations=12 (full 3):
 PSYoungGen      total 348672K, used 0K [0x000000076c300000, 0x0000000785e00000, 0x00000007c0000000)
  eden space 332288K, 0% used [0x000000076c300000,0x000000076c300000,0x0000000780780000)
  from space 16384K, 0% used [0x0000000780780000,0x0000000780780000,0x0000000781780000)
  to   space 19456K, 0% used [0x0000000784b00000,0x0000000784b00000,0x0000000785e00000)
 ParOldGen       total 199168K, used 29022K [0x00000006c4800000, 0x00000006d0a80000, 0x000000076c300000)
  object space 199168K, 14% used [0x00000006c4800000,0x00000006c6457ad0,0x00000006d0a80000)
 Metaspace       used 55797K, capacity 59108K, committed 59160K, reserved 1099776K
  class space    used 7485K, capacity 8080K, committed 8104K, reserved 1048576K
}

