# JRE version: Java(TM) SE Runtime Environment (8.0_202-b08) (build 1.8.0_202-b08)
# Java VM: Java HotSpot(TM) 64-Bit Server VM (25.202-b08 mixed mode windows-amd64 compressed oops)
Heap:
 PSYoungGen      total 459264K, used 147398K [0x000000076c300000, 0x000000078fc00000, 0x00000007c0000000)
  eden space 433664K, 33% used [0x000000076c300000,0x0000000775244c10,0x0000000786a80000)
  from space 25600K, 2% used [0x0000000786a80000,0x0000000786b2cec8,0x0000000788380000)
  to   space 26112K, 0% used [0x000000078e280000,0x000000078e280000,0x000000078fc00000)
 ParOldGen       total 170496K, used 50114K [0x00000006c4800000, 0x00000006cee80000, 0x000000076c300000)
  object space 170496K, 29% used [0x00000006c4800000,0x00000006c78f0be0,0x00000006cee80000)
 Metaspace       used 62751K, capacity 66456K, committed 66816K, reserved 1107968K
  class space    used 8248K, capacity 8894K, committed 8960K, reserved 1048576K
GC Heap History (10 events):
Event: 6.653 GC heap before
{Heap before GC invocations=10 (full 2):
 PSYoungGen      total 249856K, used 236032K [0x000000076c300000, 0x0000000787f80000, 0x00000007c0000000)
  eden space 236032K, 100% used [0x000000076c300000,0x000000077a980000,0x000000077a980000)
  from space 13824K, 0% used [0x000000077a980000,0x000000077a980000,0x000000077b700000)
  to   space 13312K, 0% used [0x0000000787280000,0x0000000787280000,0x0000000787f80000)
 ParOldGen       total 120832K, used 13247K [0x00000006c4800000, 0x00000006cbe00000, 0x000000076c300000)
  object space 120832K, 10% used [0x00000006c4800000,0x00000006c54efe80,0x00000006cbe00000)
 Metaspace       used 46496K, capacity 49382K, committed 49536K, reserved 1091584K
  class space    used 6177K, capacity 6685K, committed 6784K, reserved 1048576K
Event: 6.662 GC heap after
Heap after GC invocations=10 (full 2):
 PSYoungGen      total 364544K, used 13306K [0x000000076c300000, 0x0000000787f80000, 0x00000007c0000000)
  eden space 351232K, 0% used [0x000000076c300000,0x000000076c300000,0x0000000781a00000)
  from space 13312K, 99% used [0x0000000787280000,0x0000000787f7ebe8,0x0000000787f80000)
  to   space 16896K, 0% used [0x0000000785e80000,0x0000000785e80000,0x0000000786f00000)
 ParOldGen       total 120832K, used 18180K [0x00000006c4800000, 0x00000006cbe00000, 0x000000076c300000)
  object space 120832K, 15% used [0x00000006c4800000,0x00000006c59c1140,0x00000006cbe00000)
 Metaspace       used 46496K, capacity 49382K, committed 49536K, reserved 1091584K
  class space    used 6177K, capacity 6685K, committed 6784K, reserved 1048576K
}
Event: 73.542 GC heap before
{Heap before GC invocations=11 (full 2):
 PSYoungGen      total 364544K, used 130204K [0x000000076c300000, 0x0000000787f80000, 0x00000007c0000000)
  eden space 351232K, 33% used [0x000000076c300000,0x00000007735285c0,0x0000000781a00000)
  from space 13312K, 99% used [0x0000000787280000,0x0000000787f7ebe8,0x0000000787f80000)
  to   space 16896K, 0% used [0x0000000785e80000,0x0000000785e80000,0x0000000786f00000)
 ParOldGen       total 120832K, used 18180K [0x00000006c4800000, 0x00000006cbe00000, 0x000000076c300000)
  object space 120832K, 15% used [0x00000006c4800000,0x00000006c59c1140,0x00000006cbe00000)
 Metaspace       used 55674K, capacity 59012K, committed 59160K, reserved 1099776K
  class space    used 7469K, capacity 8048K, committed 8064K, reserved 1048576K
Event: 73.577 GC heap after
Heap after GC invocations=11 (full 2):
 PSYoungGen      total 438272K, used 16886K [0x000000076c300000, 0x0000000789680000, 0x00000007c0000000)
  eden space 421376K, 0% used [0x000000076c300000,0x000000076c300000,0x0000000785e80000)
  from space 16896K, 99% used [0x0000000785e80000,0x0000000786efd930,0x0000000786f00000)
  to   space 19456K, 0% used [0x0000000788380000,0x0000000788380000,0x0000000789680000)
 ParOldGen       total 120832K, used 19926K [0x00000006c4800000, 0x00000006cbe00000, 0x000000076c300000)
  object space 120832K, 16% used [0x00000006c4800000,0x00000006c5b75b20,0x00000006cbe00000)
 Metaspace       used 55674K, capacity 59012K, committed 59160K, reserved 1099776K
  class space    used 7469K, capacity 8048K, committed 8064K, reserved 1048576K
}
Event: 73.577 GC heap before
{Heap before GC invocations=12 (full 3):
 PSYoungGen      total 438272K, used 16886K [0x000000076c300000, 0x0000000789680000, 0x00000007c0000000)
  eden space 421376K, 0% used [0x000000076c300000,0x000000076c300000,0x0000000785e80000)
  from space 16896K, 99% used [0x0000000785e80000,0x0000000786efd930,0x0000000786f00000)
  to   space 19456K, 0% used [0x0000000788380000,0x0000000788380000,0x0000000789680000)
 ParOldGen       total 120832K, used 19926K [0x00000006c4800000, 0x00000006cbe00000, 0x000000076c300000)
  object space 120832K, 16% used [0x00000006c4800000,0x00000006c5b75b20,0x00000006cbe00000)
 Metaspace       used 55674K, capacity 59012K, committed 59160K, reserved 1099776K
  class space    used 7469K, capacity 8048K, committed 8064K, reserved 1048576K
Event: 73.773 GC heap after
Heap after GC invocations=12 (full 3):
 PSYoungGen      total 438272K, used 0K [0x000000076c300000, 0x0000000789680000, 0x00000007c0000000)
  eden space 421376K, 0% used [0x000000076c300000,0x000000076c300000,0x0000000785e80000)
  from space 16896K, 0% used [0x0000000785e80000,0x0000000785e80000,0x0000000786f00000)
  to   space 19456K, 0% used [0x0000000788380000,0x0000000788380000,0x0000000789680000)
 ParOldGen       total 170496K, used 28330K [0x00000006c4800000, 0x00000006cee80000, 0x000000076c300000)
  object space 170496K, 16% used [0x00000006c4800000,0x00000006c63aa9f8,0x00000006cee80000)
 Metaspace       used 55674K, capacity 59012K, committed 59160K, reserved 1099776K
  class space    used 7469K, capacity 8048K, committed 8064K, reserved 1048576K
}
Event: 166.334 GC heap before
{Heap before GC invocations=13 (full 3):
 PSYoungGen      total 438272K, used 421318K [0x000000076c300000, 0x0000000789680000, 0x00000007c0000000)
  eden space 421376K, 99% used [0x000000076c300000,0x0000000785e71978,0x0000000785e80000)
  from space 16896K, 0% used [0x0000000785e80000,0x0000000785e80000,0x0000000786f00000)
  to   space 19456K, 0% used [0x0000000788380000,0x0000000788380000,0x0000000789680000)
 ParOldGen       total 170496K, used 28330K [0x00000006c4800000, 0x00000006cee80000, 0x000000076c300000)
  object space 170496K, 16% used [0x00000006c4800000,0x00000006c63aa9f8,0x00000006cee80000)
 Metaspace       used 62071K, capacity 65796K, committed 66048K, reserved 1105920K
  class space    used 8232K, capacity 8890K, committed 8960K, reserved 1048576K
Event: 166.351 GC heap after
Heap after GC invocations=13 (full 3):
 PSYoungGen      total 453120K, used 19439K [0x000000076c300000, 0x000000078fb80000, 0x00000007c0000000)
  eden space 433664K, 0% used [0x000000076c300000,0x000000076c300000,0x0000000786a80000)
  from space 19456K, 99% used [0x0000000788380000,0x000000078967beb0,0x0000000789680000)
  to   space 25600K, 0% used [0x0000000786a80000,0x0000000786a80000,0x0000000788380000)
 ParOldGen       total 170496K, used 38082K [0x00000006c4800000, 0x00000006cee80000, 0x000000076c300000)
  object space 170496K, 22% used [0x00000006c4800000,0x00000006c6d30bf0,0x00000006cee80000)
 Metaspace       used 62071K, capacity 65796K, committed 66048K, reserved 1105920K
  class space    used 8232K, capacity 8890K, committed 8960K, reserved 1048576K
}
Event: 171.645 GC heap before
{Heap before GC invocations=14 (full 3):
 PSYoungGen      total 453120K, used 453009K [0x000000076c300000, 0x000000078fb80000, 0x00000007c0000000)
  eden space 433664K, 99% used [0x000000076c300000,0x0000000786a68850,0x0000000786a80000)
  from space 19456K, 99% used [0x0000000788380000,0x000000078967beb0,0x0000000789680000)
  to   space 25600K, 0% used [0x0000000786a80000,0x0000000786a80000,0x0000000788380000)
 ParOldGen       total 170496K, used 38082K [0x00000006c4800000, 0x00000006cee80000, 0x000000076c300000)
  object space 170496K, 22% used [0x00000006c4800000,0x00000006c6d30bf0,0x00000006cee80000)
 Metaspace       used 62565K, capacity 66248K, committed 66560K, reserved 1107968K
  class space    used 8232K, capacity 8890K, committed 8960K, reserved 1048576K
Event: 171.651 GC heap after
Heap after GC invocations=14 (full 3):
 PSYoungGen      total 459264K, used 691K [0x000000076c300000, 0x000000078fc00000, 0x00000007c0000000)
  eden space 433664K, 0% used [0x000000076c300000,0x000000076c300000,0x0000000786a80000)
  from space 25600K, 2% used [0x0000000786a80000,0x0000000786b2cec8,0x0000000788380000)
  to   space 26112K, 0% used [0x000000078e280000,0x000000078e280000,0x000000078fc00000)
 ParOldGen       total 170496K, used 50114K [0x00000006c4800000, 0x00000006cee80000, 0x000000076c300000)
  object space 170496K, 29% used [0x00000006c4800000,0x00000006c78f0be0,0x00000006cee80000)
 Metaspace       used 62565K, capacity 66248K, committed 66560K, reserved 1107968K
  class space    used 8232K, capacity 8890K, committed 8960K, reserved 1048576K
}

