# JRE version: Java(TM) SE Runtime Environment (8.0_202-b08) (build 1.8.0_202-b08)
# Java VM: Java HotSpot(TM) 64-Bit Server VM (25.202-b08 mixed mode windows-amd64 compressed oops)
Heap:
 PSYoungGen      total 359424K, used 152587K [0x000000076c300000, 0x0000000786380000, 0x00000007c0000000)
  eden space 343040K, 44% used [0x000000076c300000,0x0000000775802c60,0x0000000781200000)
  from space 16384K, 0% used [0x0000000781200000,0x0000000781200000,0x0000000782200000)
  to   space 19456K, 0% used [0x0000000785080000,0x0000000785080000,0x0000000786380000)
 ParOldGen       total 195072K, used 28965K [0x00000006c4800000, 0x00000006d0680000, 0x000000076c300000)
  object space 195072K, 14% used [0x00000006c4800000,0x00000006c64497f0,0x00000006d0680000)
 Metaspace       used 61751K, capacity 65442K, committed 65792K, reserved 1105920K
  class space    used 8240K, capacity 8883K, committed 8960K, reserved 1048576K
GC Heap History (10 events):
Event: 2.835 GC heap before
{Heap before GC invocations=8 (full 1):
 PSYoungGen      total 226816K, used 30086K [0x000000076c300000, 0x000000077b200000, 0x00000007c0000000)
  eden space 214528K, 8% used [0x000000076c300000,0x000000076d466390,0x0000000779480000)
  from space 12288K, 99% used [0x000000077a600000,0x000000077b1fb498,0x000000077b200000)
  to   space 13824K, 0% used [0x0000000779700000,0x0000000779700000,0x000000077a480000)
 ParOldGen       total 89088K, used 8693K [0x00000006c4800000, 0x00000006c9f00000, 0x000000076c300000)
  object space 89088K, 9% used [0x00000006c4800000,0x00000006c507d7d8,0x00000006c9f00000)
 Metaspace       used 33389K, capacity 35352K, committed 35496K, reserved 1079296K
  class space    used 4408K, capacity 4762K, committed 4864K, reserved 1048576K
Event: 2.839 GC heap after
Heap after GC invocations=8 (full 1):
 PSYoungGen      total 230912K, used 7772K [0x000000076c300000, 0x0000000783200000, 0x00000007c0000000)
  eden space 217088K, 0% used [0x000000076c300000,0x000000076c300000,0x0000000779700000)
  from space 13824K, 56% used [0x0000000779700000,0x0000000779e97378,0x000000077a480000)
  to   space 13824K, 0% used [0x0000000782480000,0x0000000782480000,0x0000000783200000)
 ParOldGen       total 89088K, used 8701K [0x00000006c4800000, 0x00000006c9f00000, 0x000000076c300000)
  object space 89088K, 9% used [0x00000006c4800000,0x00000006c507f7d8,0x00000006c9f00000)
 Metaspace       used 33389K, capacity 35352K, committed 35496K, reserved 1079296K
  class space    used 4408K, capacity 4762K, committed 4864K, reserved 1048576K
}
Event: 2.839 GC heap before
{Heap before GC invocations=9 (full 2):
 PSYoungGen      total 230912K, used 7772K [0x000000076c300000, 0x0000000783200000, 0x00000007c0000000)
  eden space 217088K, 0% used [0x000000076c300000,0x000000076c300000,0x0000000779700000)
  from space 13824K, 56% used [0x0000000779700000,0x0000000779e97378,0x000000077a480000)
  to   space 13824K, 0% used [0x0000000782480000,0x0000000782480000,0x0000000783200000)
 ParOldGen       total 89088K, used 8701K [0x00000006c4800000, 0x00000006c9f00000, 0x000000076c300000)
  object space 89088K, 9% used [0x00000006c4800000,0x00000006c507f7d8,0x00000006c9f00000)
 Metaspace       used 33389K, capacity 35352K, committed 35496K, reserved 1079296K
  class space    used 4408K, capacity 4762K, committed 4864K, reserved 1048576K
Event: 2.889 GC heap after
Heap after GC invocations=9 (full 2):
 PSYoungGen      total 230912K, used 0K [0x000000076c300000, 0x0000000783200000, 0x00000007c0000000)
  eden space 217088K, 0% used [0x000000076c300000,0x000000076c300000,0x0000000779700000)
  from space 13824K, 0% used [0x0000000779700000,0x0000000779700000,0x000000077a480000)
  to   space 13824K, 0% used [0x0000000782480000,0x0000000782480000,0x0000000783200000)
 ParOldGen       total 137216K, used 13066K [0x00000006c4800000, 0x00000006cce00000, 0x000000076c300000)
  object space 137216K, 9% used [0x00000006c4800000,0x00000006c54c2838,0x00000006cce00000)
 Metaspace       used 33389K, capacity 35352K, committed 35496K, reserved 1079296K
  class space    used 4408K, capacity 4762K, committed 4864K, reserved 1048576K
}
Event: 4.540 GC heap before
{Heap before GC invocations=10 (full 2):
 PSYoungGen      total 230912K, used 217088K [0x000000076c300000, 0x0000000783200000, 0x00000007c0000000)
  eden space 217088K, 100% used [0x000000076c300000,0x0000000779700000,0x0000000779700000)
  from space 13824K, 0% used [0x0000000779700000,0x0000000779700000,0x000000077a480000)
  to   space 13824K, 0% used [0x0000000782480000,0x0000000782480000,0x0000000783200000)
 ParOldGen       total 137216K, used 13066K [0x00000006c4800000, 0x00000006cce00000, 0x000000076c300000)
  object space 137216K, 9% used [0x00000006c4800000,0x00000006c54c2838,0x00000006cce00000)
 Metaspace       used 45572K, capacity 48358K, committed 48512K, reserved 1091584K
  class space    used 6038K, capacity 6523K, committed 6528K, reserved 1048576K
Event: 4.551 GC heap after
Heap after GC invocations=10 (full 2):
 PSYoungGen      total 328704K, used 13807K [0x000000076c300000, 0x0000000783200000, 0x00000007c0000000)
  eden space 314880K, 0% used [0x000000076c300000,0x000000076c300000,0x000000077f680000)
  from space 13824K, 99% used [0x0000000782480000,0x00000007831fbdb8,0x0000000783200000)
  to   space 16384K, 0% used [0x0000000781200000,0x0000000781200000,0x0000000782200000)
 ParOldGen       total 137216K, used 16140K [0x00000006c4800000, 0x00000006cce00000, 0x000000076c300000)
  object space 137216K, 11% used [0x00000006c4800000,0x00000006c57c32b8,0x00000006cce00000)
 Metaspace       used 45572K, capacity 48358K, committed 48512K, reserved 1091584K
  class space    used 6038K, capacity 6523K, committed 6528K, reserved 1048576K
}
Event: 52.239 GC heap before
{Heap before GC invocations=11 (full 2):
 PSYoungGen      total 328704K, used 149746K [0x000000076c300000, 0x0000000783200000, 0x00000007c0000000)
  eden space 314880K, 43% used [0x000000076c300000,0x00000007747c0c98,0x000000077f680000)
  from space 13824K, 99% used [0x0000000782480000,0x00000007831fbdb8,0x0000000783200000)
  to   space 16384K, 0% used [0x0000000781200000,0x0000000781200000,0x0000000782200000)
 ParOldGen       total 137216K, used 16140K [0x00000006c4800000, 0x00000006cce00000, 0x000000076c300000)
  object space 137216K, 11% used [0x00000006c4800000,0x00000006c57c32b8,0x00000006cce00000)
 Metaspace       used 55648K, capacity 59010K, committed 59160K, reserved 1099776K
  class space    used 7471K, capacity 8047K, committed 8064K, reserved 1048576K
Event: 52.261 GC heap after
Heap after GC invocations=11 (full 2):
 PSYoungGen      total 359424K, used 16359K [0x000000076c300000, 0x0000000786380000, 0x00000007c0000000)
  eden space 343040K, 0% used [0x000000076c300000,0x000000076c300000,0x0000000781200000)
  from space 16384K, 99% used [0x0000000781200000,0x00000007821f9cd0,0x0000000782200000)
  to   space 19456K, 0% used [0x0000000785080000,0x0000000785080000,0x0000000786380000)
 ParOldGen       total 137216K, used 19055K [0x00000006c4800000, 0x00000006cce00000, 0x000000076c300000)
  object space 137216K, 13% used [0x00000006c4800000,0x00000006c5a9bd48,0x00000006cce00000)
 Metaspace       used 55648K, capacity 59010K, committed 59160K, reserved 1099776K
  class space    used 7471K, capacity 8047K, committed 8064K, reserved 1048576K
}
Event: 52.261 GC heap before
{Heap before GC invocations=12 (full 3):
 PSYoungGen      total 359424K, used 16359K [0x000000076c300000, 0x0000000786380000, 0x00000007c0000000)
  eden space 343040K, 0% used [0x000000076c300000,0x000000076c300000,0x0000000781200000)
  from space 16384K, 99% used [0x0000000781200000,0x00000007821f9cd0,0x0000000782200000)
  to   space 19456K, 0% used [0x0000000785080000,0x0000000785080000,0x0000000786380000)
 ParOldGen       total 137216K, used 19055K [0x00000006c4800000, 0x00000006cce00000, 0x000000076c300000)
  object space 137216K, 13% used [0x00000006c4800000,0x00000006c5a9bd48,0x00000006cce00000)
 Metaspace       used 55648K, capacity 59010K, committed 59160K, reserved 1099776K
  class space    used 7471K, capacity 8047K, committed 8064K, reserved 1048576K
Event: 52.457 GC heap after
Heap after GC invocations=12 (full 3):
 PSYoungGen      total 359424K, used 0K [0x000000076c300000, 0x0000000786380000, 0x00000007c0000000)
  eden space 343040K, 0% used [0x000000076c300000,0x000000076c300000,0x0000000781200000)
  from space 16384K, 0% used [0x0000000781200000,0x0000000781200000,0x0000000782200000)
  to   space 19456K, 0% used [0x0000000785080000,0x0000000785080000,0x0000000786380000)
 ParOldGen       total 195072K, used 28965K [0x00000006c4800000, 0x00000006d0680000, 0x000000076c300000)
  object space 195072K, 14% used [0x00000006c4800000,0x00000006c64497f0,0x00000006d0680000)
 Metaspace       used 55648K, capacity 59010K, committed 59160K, reserved 1099776K
  class space    used 7471K, capacity 8047K, committed 8064K, reserved 1048576K
}

