# JRE version: Java(TM) SE Runtime Environment (8.0_202-b08) (build 1.8.0_202-b08)
# Java VM: Java HotSpot(TM) 64-Bit Server VM (25.202-b08 mixed mode windows-amd64 compressed oops)
Heap:
 PSYoungGen      total 396288K, used 85520K [0x000000076c300000, 0x000000078b380000, 0x00000007c0000000)
  eden space 349184K, 17% used [0x000000076c300000,0x000000076ff59ae8,0x0000000781800000)
  from space 47104K, 50% used [0x0000000781800000,0x0000000782f2a538,0x0000000784600000)
  to   space 46080K, 0% used [0x0000000788680000,0x0000000788680000,0x000000078b380000)
 ParOldGen       total 200192K, used 100282K [0x00000006c4800000, 0x00000006d0b80000, 0x000000076c300000)
  object space 200192K, 50% used [0x00000006c4800000,0x00000006ca9ee908,0x00000006d0b80000)
 Metaspace       used 63510K, capacity 67224K, committed 67496K, reserved 1107968K
  class space    used 8427K, capacity 9062K, committed 9128K, reserved 1048576K
GC Heap History (10 events):
Event: 3.296 GC heap before
{Heap before GC invocations=10 (full 2):
 PSYoungGen      total 228864K, used 215040K [0x000000076c300000, 0x0000000782d00000, 0x00000007c0000000)
  eden space 215040K, 100% used [0x000000076c300000,0x0000000779500000,0x0000000779500000)
  from space 13824K, 0% used [0x0000000779500000,0x0000000779500000,0x000000077a280000)
  to   space 13312K, 0% used [0x0000000782000000,0x0000000782000000,0x0000000782d00000)
 ParOldGen       total 140288K, used 13229K [0x00000006c4800000, 0x00000006cd100000, 0x000000076c300000)
  object space 140288K, 9% used [0x00000006c4800000,0x00000006c54eb480,0x00000006cd100000)
 Metaspace       used 45668K, capacity 48514K, committed 48552K, reserved 1091584K
  class space    used 6056K, capacity 6565K, committed 6568K, reserved 1048576K
Event: 3.305 GC heap after
Heap after GC invocations=10 (full 2):
 PSYoungGen      total 322048K, used 13286K [0x000000076c300000, 0x0000000782d00000, 0x00000007c0000000)
  eden space 308736K, 0% used [0x000000076c300000,0x000000076c300000,0x000000077f080000)
  from space 13312K, 99% used [0x0000000782000000,0x0000000782cf9b58,0x0000000782d00000)
  to   space 16384K, 0% used [0x0000000780d00000,0x0000000780d00000,0x0000000781d00000)
 ParOldGen       total 140288K, used 16793K [0x00000006c4800000, 0x00000006cd100000, 0x000000076c300000)
  object space 140288K, 11% used [0x00000006c4800000,0x00000006c58664b0,0x00000006cd100000)
 Metaspace       used 45668K, capacity 48514K, committed 48552K, reserved 1091584K
  class space    used 6056K, capacity 6565K, committed 6568K, reserved 1048576K
}
Event: 27.928 GC heap before
{Heap before GC invocations=11 (full 2):
 PSYoungGen      total 322048K, used 144347K [0x000000076c300000, 0x0000000782d00000, 0x00000007c0000000)
  eden space 308736K, 42% used [0x000000076c300000,0x00000007742fd198,0x000000077f080000)
  from space 13312K, 99% used [0x0000000782000000,0x0000000782cf9b58,0x0000000782d00000)
  to   space 16384K, 0% used [0x0000000780d00000,0x0000000780d00000,0x0000000781d00000)
 ParOldGen       total 140288K, used 16793K [0x00000006c4800000, 0x00000006cd100000, 0x000000076c300000)
  object space 140288K, 11% used [0x00000006c4800000,0x00000006c58664b0,0x00000006cd100000)
 Metaspace       used 55733K, capacity 59100K, committed 59160K, reserved 1099776K
  class space    used 7481K, capacity 8078K, committed 8104K, reserved 1048576K
Event: 27.937 GC heap after
Heap after GC invocations=11 (full 2):
 PSYoungGen      total 354304K, used 16352K [0x000000076c300000, 0x0000000785900000, 0x00000007c0000000)
  eden space 337920K, 0% used [0x000000076c300000,0x000000076c300000,0x0000000780d00000)
  from space 16384K, 99% used [0x0000000780d00000,0x0000000781cf81b0,0x0000000781d00000)
  to   space 19456K, 0% used [0x0000000784600000,0x0000000784600000,0x0000000785900000)
 ParOldGen       total 140288K, used 19599K [0x00000006c4800000, 0x00000006cd100000, 0x000000076c300000)
  object space 140288K, 13% used [0x00000006c4800000,0x00000006c5b23cd0,0x00000006cd100000)
 Metaspace       used 55733K, capacity 59100K, committed 59160K, reserved 1099776K
  class space    used 7481K, capacity 8078K, committed 8104K, reserved 1048576K
}
Event: 27.937 GC heap before
{Heap before GC invocations=12 (full 3):
 PSYoungGen      total 354304K, used 16352K [0x000000076c300000, 0x0000000785900000, 0x00000007c0000000)
  eden space 337920K, 0% used [0x000000076c300000,0x000000076c300000,0x0000000780d00000)
  from space 16384K, 99% used [0x0000000780d00000,0x0000000781cf81b0,0x0000000781d00000)
  to   space 19456K, 0% used [0x0000000784600000,0x0000000784600000,0x0000000785900000)
 ParOldGen       total 140288K, used 19599K [0x00000006c4800000, 0x00000006cd100000, 0x000000076c300000)
  object space 140288K, 13% used [0x00000006c4800000,0x00000006c5b23cd0,0x00000006cd100000)
 Metaspace       used 55733K, capacity 59100K, committed 59160K, reserved 1099776K
  class space    used 7481K, capacity 8078K, committed 8104K, reserved 1048576K
Event: 28.035 GC heap after
Heap after GC invocations=12 (full 3):
 PSYoungGen      total 354304K, used 0K [0x000000076c300000, 0x0000000785900000, 0x00000007c0000000)
  eden space 337920K, 0% used [0x000000076c300000,0x000000076c300000,0x0000000780d00000)
  from space 16384K, 0% used [0x0000000780d00000,0x0000000780d00000,0x0000000781d00000)
  to   space 19456K, 0% used [0x0000000784600000,0x0000000784600000,0x0000000785900000)
 ParOldGen       total 200192K, used 28951K [0x00000006c4800000, 0x00000006d0b80000, 0x000000076c300000)
  object space 200192K, 14% used [0x00000006c4800000,0x00000006c6445e90,0x00000006d0b80000)
 Metaspace       used 55733K, capacity 59100K, committed 59160K, reserved 1099776K
  class space    used 7481K, capacity 8078K, committed 8104K, reserved 1048576K
}
Event: 87.340 GC heap before
{Heap before GC invocations=13 (full 3):
 PSYoungGen      total 354304K, used 337920K [0x000000076c300000, 0x0000000785900000, 0x00000007c0000000)
  eden space 337920K, 100% used [0x000000076c300000,0x0000000780d00000,0x0000000780d00000)
  from space 16384K, 0% used [0x0000000780d00000,0x0000000780d00000,0x0000000781d00000)
  to   space 19456K, 0% used [0x0000000784600000,0x0000000784600000,0x0000000785900000)
 ParOldGen       total 200192K, used 28951K [0x00000006c4800000, 0x00000006d0b80000, 0x000000076c300000)
  object space 200192K, 14% used [0x00000006c4800000,0x00000006c6445e90,0x00000006d0b80000)
 Metaspace       used 62807K, capacity 66506K, committed 66728K, reserved 1107968K
  class space    used 8378K, capacity 9021K, committed 9128K, reserved 1048576K
Event: 87.376 GC heap after
Heap after GC invocations=13 (full 3):
 PSYoungGen      total 368640K, used 19441K [0x000000076c300000, 0x000000078b500000, 0x00000007c0000000)
  eden space 349184K, 0% used [0x000000076c300000,0x000000076c300000,0x0000000781800000)
  from space 19456K, 99% used [0x0000000784600000,0x00000007858fc7a8,0x0000000785900000)
  to   space 47104K, 0% used [0x0000000781800000,0x0000000781800000,0x0000000784600000)
 ParOldGen       total 200192K, used 96954K [0x00000006c4800000, 0x00000006d0b80000, 0x000000076c300000)
  object space 200192K, 48% used [0x00000006c4800000,0x00000006ca6ae8e8,0x00000006d0b80000)
 Metaspace       used 62807K, capacity 66506K, committed 66728K, reserved 1107968K
  class space    used 8378K, capacity 9021K, committed 9128K, reserved 1048576K
}
Event: 103.428 GC heap before
{Heap before GC invocations=14 (full 3):
 PSYoungGen      total 368640K, used 368625K [0x000000076c300000, 0x000000078b500000, 0x00000007c0000000)
  eden space 349184K, 100% used [0x000000076c300000,0x0000000781800000,0x0000000781800000)
  from space 19456K, 99% used [0x0000000784600000,0x00000007858fc7a8,0x0000000785900000)
  to   space 47104K, 0% used [0x0000000781800000,0x0000000781800000,0x0000000784600000)
 ParOldGen       total 200192K, used 96954K [0x00000006c4800000, 0x00000006d0b80000, 0x000000076c300000)
  object space 200192K, 48% used [0x00000006c4800000,0x00000006ca6ae8e8,0x00000006d0b80000)
 Metaspace       used 63469K, capacity 67154K, committed 67496K, reserved 1107968K
  class space    used 8426K, capacity 9061K, committed 9128K, reserved 1048576K
Event: 103.438 GC heap after
Heap after GC invocations=14 (full 3):
 PSYoungGen      total 396288K, used 23721K [0x000000076c300000, 0x000000078b380000, 0x00000007c0000000)
  eden space 349184K, 0% used [0x000000076c300000,0x000000076c300000,0x0000000781800000)
  from space 47104K, 50% used [0x0000000781800000,0x0000000782f2a538,0x0000000784600000)
  to   space 46080K, 0% used [0x0000000788680000,0x0000000788680000,0x000000078b380000)
 ParOldGen       total 200192K, used 100282K [0x00000006c4800000, 0x00000006d0b80000, 0x000000076c300000)
  object space 200192K, 50% used [0x00000006c4800000,0x00000006ca9ee908,0x00000006d0b80000)
 Metaspace       used 63469K, capacity 67154K, committed 67496K, reserved 1107968K
  class space    used 8426K, capacity 9061K, committed 9128K, reserved 1048576K
}

