# JRE version: Java(TM) SE Runtime Environment (8.0_202-b08) (build 1.8.0_202-b08)
# Java VM: Java HotSpot(TM) 64-Bit Server VM (25.202-b08 mixed mode windows-amd64 compressed oops)
Heap:
 PSYoungGen      total 471552K, used 208153K [0x000000076c300000, 0x000000078b800000, 0x00000007c0000000)
  eden space 454656K, 45% used [0x000000076c300000,0x0000000778e46588,0x0000000787f00000)
  from space 16896K, 0% used [0x0000000787f00000,0x0000000787f00000,0x0000000788f80000)
  to   space 19456K, 0% used [0x000000078a500000,0x000000078a500000,0x000000078b800000)
 ParOldGen       total 159232K, used 28033K [0x00000006c4800000, 0x00000006ce380000, 0x000000076c300000)
  object space 159232K, 17% used [0x00000006c4800000,0x00000006c63604e0,0x00000006ce380000)
 Metaspace       used 62389K, capacity 66104K, committed 66344K, reserved 1105920K
  class space    used 8254K, capacity 8910K, committed 9000K, reserved 1048576K
GC Heap History (10 events):
Event: 8.758 GC heap before
{Heap before GC invocations=8 (full 1):
 PSYoungGen      total 257024K, used 36545K [0x000000076c300000, 0x000000077cd00000, 0x00000007c0000000)
  eden space 244736K, 9% used [0x000000076c300000,0x000000076dab4840,0x000000077b200000)
  from space 12288K, 99% used [0x000000077c000000,0x000000077cbfbcb8,0x000000077cc00000)
  to   space 13824K, 0% used [0x000000077b200000,0x000000077b200000,0x000000077bf80000)
 ParOldGen       total 77312K, used 8248K [0x00000006c4800000, 0x00000006c9380000, 0x000000076c300000)
  object space 77312K, 10% used [0x00000006c4800000,0x00000006c500e068,0x00000006c9380000)
 Metaspace       used 33466K, capacity 35480K, committed 35496K, reserved 1079296K
  class space    used 4413K, capacity 4762K, committed 4776K, reserved 1048576K
Event: 8.769 GC heap after
Heap after GC invocations=8 (full 1):
 PSYoungGen      total 258560K, used 8011K [0x000000076c300000, 0x000000078a000000, 0x00000007c0000000)
  eden space 244736K, 0% used [0x000000076c300000,0x000000076c300000,0x000000077b200000)
  from space 13824K, 57% used [0x000000077b200000,0x000000077b9d2c30,0x000000077bf80000)
  to   space 13312K, 0% used [0x0000000789300000,0x0000000789300000,0x000000078a000000)
 ParOldGen       total 77312K, used 8256K [0x00000006c4800000, 0x00000006c9380000, 0x000000076c300000)
  object space 77312K, 10% used [0x00000006c4800000,0x00000006c5010068,0x00000006c9380000)
 Metaspace       used 33466K, capacity 35480K, committed 35496K, reserved 1079296K
  class space    used 4413K, capacity 4762K, committed 4776K, reserved 1048576K
}
Event: 8.769 GC heap before
{Heap before GC invocations=9 (full 2):
 PSYoungGen      total 258560K, used 8011K [0x000000076c300000, 0x000000078a000000, 0x00000007c0000000)
  eden space 244736K, 0% used [0x000000076c300000,0x000000076c300000,0x000000077b200000)
  from space 13824K, 57% used [0x000000077b200000,0x000000077b9d2c30,0x000000077bf80000)
  to   space 13312K, 0% used [0x0000000789300000,0x0000000789300000,0x000000078a000000)
 ParOldGen       total 77312K, used 8256K [0x00000006c4800000, 0x00000006c9380000, 0x000000076c300000)
  object space 77312K, 10% used [0x00000006c4800000,0x00000006c5010068,0x00000006c9380000)
 Metaspace       used 33466K, capacity 35480K, committed 35496K, reserved 1079296K
  class space    used 4413K, capacity 4762K, committed 4776K, reserved 1048576K
Event: 8.829 GC heap after
Heap after GC invocations=9 (full 2):
 PSYoungGen      total 258560K, used 0K [0x000000076c300000, 0x000000078a000000, 0x00000007c0000000)
  eden space 244736K, 0% used [0x000000076c300000,0x000000076c300000,0x000000077b200000)
  from space 13824K, 0% used [0x000000077b200000,0x000000077b200000,0x000000077bf80000)
  to   space 13312K, 0% used [0x0000000789300000,0x0000000789300000,0x000000078a000000)
 ParOldGen       total 115200K, used 13390K [0x00000006c4800000, 0x00000006cb880000, 0x000000076c300000)
  object space 115200K, 11% used [0x00000006c4800000,0x00000006c5513b00,0x00000006cb880000)
 Metaspace       used 33466K, capacity 35480K, committed 35496K, reserved 1079296K
  class space    used 4413K, capacity 4762K, committed 4776K, reserved 1048576K
}
Event: 11.599 GC heap before
{Heap before GC invocations=10 (full 2):
 PSYoungGen      total 258560K, used 244736K [0x000000076c300000, 0x000000078a000000, 0x00000007c0000000)
  eden space 244736K, 100% used [0x000000076c300000,0x000000077b200000,0x000000077b200000)
  from space 13824K, 0% used [0x000000077b200000,0x000000077b200000,0x000000077bf80000)
  to   space 13312K, 0% used [0x0000000789300000,0x0000000789300000,0x000000078a000000)
 ParOldGen       total 115200K, used 13390K [0x00000006c4800000, 0x00000006cb880000, 0x000000076c300000)
  object space 115200K, 11% used [0x00000006c4800000,0x00000006c5513b00,0x00000006cb880000)
 Metaspace       used 46888K, capacity 49770K, committed 50088K, reserved 1093632K
  class space    used 6227K, capacity 6725K, committed 6824K, reserved 1048576K
Event: 11.610 GC heap after
Heap after GC invocations=10 (full 2):
 PSYoungGen      total 386048K, used 13283K [0x000000076c300000, 0x000000078a000000, 0x00000007c0000000)
  eden space 372736K, 0% used [0x000000076c300000,0x000000076c300000,0x0000000782f00000)
  from space 13312K, 99% used [0x0000000789300000,0x0000000789ff8ec0,0x000000078a000000)
  to   space 16896K, 0% used [0x0000000787f00000,0x0000000787f00000,0x0000000788f80000)
 ParOldGen       total 115200K, used 18726K [0x00000006c4800000, 0x00000006cb880000, 0x000000076c300000)
  object space 115200K, 16% used [0x00000006c4800000,0x00000006c5a49a30,0x00000006cb880000)
 Metaspace       used 46888K, capacity 49770K, committed 50088K, reserved 1093632K
  class space    used 6227K, capacity 6725K, committed 6824K, reserved 1048576K
}
Event: 207.498 GC heap before
{Heap before GC invocations=11 (full 2):
 PSYoungGen      total 386048K, used 123058K [0x000000076c300000, 0x000000078a000000, 0x00000007c0000000)
  eden space 372736K, 29% used [0x000000076c300000,0x0000000772e33c30,0x0000000782f00000)
  from space 13312K, 99% used [0x0000000789300000,0x0000000789ff8ec0,0x000000078a000000)
  to   space 16896K, 0% used [0x0000000787f00000,0x0000000787f00000,0x0000000788f80000)
 ParOldGen       total 115200K, used 18726K [0x00000006c4800000, 0x00000006cb880000, 0x000000076c300000)
  object space 115200K, 16% used [0x00000006c4800000,0x00000006c5a49a30,0x00000006cb880000)
 Metaspace       used 55733K, capacity 59082K, committed 59160K, reserved 1099776K
  class space    used 7459K, capacity 8049K, committed 8104K, reserved 1048576K
Event: 207.509 GC heap after
Heap after GC invocations=11 (full 2):
 PSYoungGen      total 471552K, used 16885K [0x000000076c300000, 0x000000078b800000, 0x00000007c0000000)
  eden space 454656K, 0% used [0x000000076c300000,0x000000076c300000,0x0000000787f00000)
  from space 16896K, 99% used [0x0000000787f00000,0x0000000788f7d680,0x0000000788f80000)
  to   space 19456K, 0% used [0x000000078a500000,0x000000078a500000,0x000000078b800000)
 ParOldGen       total 115200K, used 20092K [0x00000006c4800000, 0x00000006cb880000, 0x000000076c300000)
  object space 115200K, 17% used [0x00000006c4800000,0x00000006c5b9f110,0x00000006cb880000)
 Metaspace       used 55733K, capacity 59082K, committed 59160K, reserved 1099776K
  class space    used 7459K, capacity 8049K, committed 8104K, reserved 1048576K
}
Event: 207.509 GC heap before
{Heap before GC invocations=12 (full 3):
 PSYoungGen      total 471552K, used 16885K [0x000000076c300000, 0x000000078b800000, 0x00000007c0000000)
  eden space 454656K, 0% used [0x000000076c300000,0x000000076c300000,0x0000000787f00000)
  from space 16896K, 99% used [0x0000000787f00000,0x0000000788f7d680,0x0000000788f80000)
  to   space 19456K, 0% used [0x000000078a500000,0x000000078a500000,0x000000078b800000)
 ParOldGen       total 115200K, used 20092K [0x00000006c4800000, 0x00000006cb880000, 0x000000076c300000)
  object space 115200K, 17% used [0x00000006c4800000,0x00000006c5b9f110,0x00000006cb880000)
 Metaspace       used 55733K, capacity 59082K, committed 59160K, reserved 1099776K
  class space    used 7459K, capacity 8049K, committed 8104K, reserved 1048576K
Event: 207.615 GC heap after
Heap after GC invocations=12 (full 3):
 PSYoungGen      total 471552K, used 0K [0x000000076c300000, 0x000000078b800000, 0x00000007c0000000)
  eden space 454656K, 0% used [0x000000076c300000,0x000000076c300000,0x0000000787f00000)
  from space 16896K, 0% used [0x0000000787f00000,0x0000000787f00000,0x0000000788f80000)
  to   space 19456K, 0% used [0x000000078a500000,0x000000078a500000,0x000000078b800000)
 ParOldGen       total 159232K, used 28033K [0x00000006c4800000, 0x00000006ce380000, 0x000000076c300000)
  object space 159232K, 17% used [0x00000006c4800000,0x00000006c63604e0,0x00000006ce380000)
 Metaspace       used 55733K, capacity 59082K, committed 59160K, reserved 1099776K
  class space    used 7459K, capacity 8049K, committed 8104K, reserved 1048576K
}

